<?xml version="1.0" encoding="UTF-8"?>
<testsuite name="AppTest" tests="4" skipped="0" failures="0" errors="0" timestamp="2026-03-06T20:16:15.992Z" hostname="pulkit-HP-250-G7-Notebook-PC" time="0.028">
  <properties/>
  <testcase name="testPower()" classname="AppTest" time="0.019"/>
  <testcase name="testFactorial()" classname="AppTest" time="0.001"/>
  <testcase name="testNaturalLog()" classname="AppTest" time="0.001"/>
  <testcase name="testSquareRoot()" classname="AppTest" time="0.002"/>
  <system-out><![CDATA[]]></system-out>
  <system-err><![CDATA[]]></system-err>
</testsuite>
